Arguments: 
  /Users/andela/.nvm/versions/node/v10.11.0/bin/node /usr/local/Cellar/yarn/1.12.3/libexec/bin/yarn.js init deck mecha

PATH: 
  /usr/local/opt/openssl/bin:/Users/andela/.nvm/versions/node/v10.11.0/bin:/Users/andela/.rbenv/shims:/Users/andela/.rbenv/bin:/usr/local/bin:.git/safe/../../bin:/Users/andela/.bin:/usr/local/sbin:/usr/bin:/bin:/usr/sbin:/sbin:/opt/X11/bin:/Applications/Wireshark.app/Contents/MacOS:/Users/andela/.fzf/bin

Yarn version: 
  1.12.3

Node version: 
  10.11.0

Platform: 
  darwin x64

Trace: 
  Error: canceled
      at Interface.<anonymous> (/usr/local/Cellar/yarn/1.12.3/libexec/lib/cli.js:125278:13)
      at Interface.emit (events.js:182:13)
      at Interface._ttyWrite (readline.js:783:16)
      at ReadStream.onkeypress (readline.js:168:10)
      at ReadStream.emit (events.js:182:13)
      at emitKeys (internal/readline.js:424:14)
      at emitKeys.next (<anonymous>)
      at ReadStream.onData (readline.js:1022:36)
      at ReadStream.emit (events.js:182:13)
      at addChunk (_stream_readable.js:283:12)

npm manifest: 
  No manifest

yarn manifest: 
  No manifest

Lockfile: 
  No lockfile
